# JRE version: OpenJDK Runtime Environment (7.0_91-b02) (build 1.7.0_91-b02)
# Java VM: OpenJDK Server VM (24.91-b01 mixed mode linux-x86 )
Heap
 PSYoungGen      total 469760K, used 21752K [0x7e740000, 0xa12c0000, 0xb30c0000)
  eden space 448000K, 0% used [0x7e740000,0x7e740000,0x99cc0000)
  from space 21760K, 99% used [0x9e840000,0x9fd7e018,0x9fd80000)
  to   space 21760K, 0% used [0x9fd80000,0x9fd80000,0xa12c0000)
 ParOldGen       total 1108992K, used 962600K [0x154c0000, 0x58fc0000, 0x7e740000)
  object space 1108992K, 86% used [0x154c0000,0x500ca000,0x58fc0000)
 PSPermGen       total 16384K, used 1982K [0x0d4c0000, 0x0e4c0000, 0x154c0000)
  object space 16384K, 12% used [0x0d4c0000,0x0d6af818,0x0e4c0000)
GC Heap History (10 events):
Event: 0.559 GC heap after
Heap after GC invocations=2 (full 0):
 PSYoungGen      total 284416K, used 21757K [0x7e740000, 0x91240000, 0xb30c0000)
  eden space 262656K, 0% used [0x7e740000,0x7e740000,0x8e7c0000)
  from space 21760K, 99% used [0x8fd00000,0x9123f4b8,0x91240000)
  to   space 21760K, 0% used [0x8e7c0000,0x8e7c0000,0x8fd00000)
 ParOldGen       total 349696K, used 185686K [0x154c0000, 0x2aa40000, 0x7e740000)
  object space 349696K, 53% used [0x154c0000,0x20a158d0,0x2aa40000)
 PSPermGen       total 16384K, used 1981K [0x0d4c0000, 0x0e4c0000, 0x154c0000)
  object space 16384K, 12% used [0x0d4c0000,0x0d6af698,0x0e4c0000)
}
Event: 0.672 GC heap before
{Heap before GC invocations=3 (full 0):
 PSYoungGen      total 284416K, used 284413K [0x7e740000, 0x91240000, 0xb30c0000)
  eden space 262656K, 100% used [0x7e740000,0x8e7c0000,0x8e7c0000)
  from space 21760K, 99% used [0x8fd00000,0x9123f4b8,0x91240000)
  to   space 21760K, 0% used [0x8e7c0000,0x8e7c0000,0x8fd00000)
 ParOldGen       total 349696K, used 185686K [0x154c0000, 0x2aa40000, 0x7e740000)
  object space 349696K, 53% used [0x154c0000,0x20a158d0,0x2aa40000)
 PSPermGen       total 16384K, used 1982K [0x0d4c0000, 0x0e4c0000, 0x154c0000)
  object space 16384K, 12% used [0x0d4c0000,0x0d6af910,0x0e4c0000)
Event: 0.830 GC heap after
Heap after GC invocations=3 (full 0):
 PSYoungGen      total 284416K, used 21749K [0x7e740000, 0xa12c0000, 0xb30c0000)
  eden space 262656K, 0% used [0x7e740000,0x7e740000,0x8e7c0000)
  from space 21760K, 99% used [0x8e7c0000,0x8fcfd628,0x8fd00000)
  to   space 21760K, 0% used [0x9fd80000,0x9fd80000,0xa12c0000)
 ParOldGen       total 395520K, used 395000K [0x154c0000, 0x2d700000, 0x7e740000)
  object space 395520K, 99% used [0x154c0000,0x2d67e0d8,0x2d700000)
 PSPermGen       total 16384K, used 1982K [0x0d4c0000, 0x0e4c0000, 0x154c0000)
  object space 16384K, 12% used [0x0d4c0000,0x0d6af910,0x0e4c0000)
}
Event: 0.830 GC heap before
{Heap before GC invocations=4 (full 1):
 PSYoungGen      total 284416K, used 21749K [0x7e740000, 0xa12c0000, 0xb30c0000)
  eden space 262656K, 0% used [0x7e740000,0x7e740000,0x8e7c0000)
  from space 21760K, 99% used [0x8e7c0000,0x8fcfd628,0x8fd00000)
  to   space 21760K, 0% used [0x9fd80000,0x9fd80000,0xa12c0000)
 ParOldGen       total 395520K, used 395000K [0x154c0000, 0x2d700000, 0x7e740000)
  object space 395520K, 99% used [0x154c0000,0x2d67e0d8,0x2d700000)
 PSPermGen       total 16384K, used 1982K [0x0d4c0000, 0x0e4c0000, 0x154c0000)
  object space 16384K, 12% used [0x0d4c0000,0x0d6af910,0x0e4c0000)
Event: 1.029 GC heap after
Heap after GC invocations=4 (full 1):
 PSYoungGen      total 284416K, used 21237K [0x7e740000, 0xa12c0000, 0xb30c0000)
  eden space 262656K, 0% used [0x7e740000,0x7e740000,0x8e7c0000)
  from space 21760K, 97% used [0x8e7c0000,0x8fc7d468,0x8fd00000)
  to   space 21760K, 0% used [0x9fd80000,0x9fd80000,0xa12c0000)
 ParOldGen       total 782592K, used 395485K [0x154c0000, 0x45100000, 0x7e740000)
  object space 782592K, 50% used [0x154c0000,0x2d6f77a8,0x45100000)
 PSPermGen       total 16384K, used 1981K [0x0d4c0000, 0x0e4c0000, 0x154c0000)
  object space 16384K, 12% used [0x0d4c0000,0x0d6af5c8,0x0e4c0000)
}
Event: 1.098 GC heap before
{Heap before GC invocations=5 (full 1):
 PSYoungGen      total 284416K, used 283893K [0x7e740000, 0xa12c0000, 0xb30c0000)
  eden space 262656K, 100% used [0x7e740000,0x8e7c0000,0x8e7c0000)
  from space 21760K, 97% used [0x8e7c0000,0x8fc7d468,0x8fd00000)
  to   space 21760K, 0% used [0x9fd80000,0x9fd80000,0xa12c0000)
 ParOldGen       total 782592K, used 395485K [0x154c0000, 0x45100000, 0x7e740000)
  object space 782592K, 50% used [0x154c0000,0x2d6f77a8,0x45100000)
 PSPermGen       total 16384K, used 1981K [0x0d4c0000, 0x0e4c0000, 0x154c0000)
  object space 16384K, 12% used [0x0d4c0000,0x0d6af658,0x0e4c0000)
Event: 1.261 GC heap after
Heap after GC invocations=5 (full 1):
 PSYoungGen      total 469760K, used 21750K [0x7e740000, 0xa12c0000, 0xb30c0000)
  eden space 448000K, 0% used [0x7e740000,0x7e740000,0x99cc0000)
  from space 21760K, 99% used [0x9fd80000,0xa12bdae8,0xa12c0000)
  to   space 21760K, 0% used [0x9e840000,0x9e840000,0x9fd80000)
 ParOldGen       total 782592K, used 604303K [0x154c0000, 0x45100000, 0x7e740000)
  object space 782592K, 77% used [0x154c0000,0x3a2e3ca0,0x45100000)
 PSPermGen       total 16384K, used 1981K [0x0d4c0000, 0x0e4c0000, 0x154c0000)
  object space 16384K, 12% used [0x0d4c0000,0x0d6af658,0x0e4c0000)
}
Event: 1.261 GC heap before
{Heap before GC invocations=6 (full 2):
 PSYoungGen      total 469760K, used 21750K [0x7e740000, 0xa12c0000, 0xb30c0000)
  eden space 448000K, 0% used [0x7e740000,0x7e740000,0x99cc0000)
  from space 21760K, 99% used [0x9fd80000,0xa12bdae8,0xa12c0000)
  to   space 21760K, 0% used [0x9e840000,0x9e840000,0x9fd80000)
 ParOldGen       total 782592K, used 604303K [0x154c0000, 0x45100000, 0x7e740000)
  object space 782592K, 77% used [0x154c0000,0x3a2e3ca0,0x45100000)
 PSPermGen       total 16384K, used 1981K [0x0d4c0000, 0x0e4c0000, 0x154c0000)
  object space 16384K, 12% used [0x0d4c0000,0x0d6af658,0x0e4c0000)
Event: 1.338 GC heap after
Heap after GC invocations=6 (full 2):
 PSYoungGen      total 469760K, used 0K [0x7e740000, 0xa12c0000, 0xb30c0000)
  eden space 448000K, 0% used [0x7e740000,0x7e740000,0x99cc0000)
  from space 21760K, 0% used [0x9fd80000,0x9fd80000,0xa12c0000)
  to   space 21760K, 0% used [0x9e840000,0x9e840000,0x9fd80000)
 ParOldGen       total 1108992K, used 626042K [0x154c0000, 0x58fc0000, 0x7e740000)
  object space 1108992K, 56% used [0x154c0000,0x3b81ebf0,0x58fc0000)
 PSPermGen       total 16384K, used 1981K [0x0d4c0000, 0x0e4c0000, 0x154c0000)
  object space 16384K, 12% used [0x0d4c0000,0x0d6af658,0x0e4c0000)
}
Event: 1.534 GC heap before
{Heap before GC invocations=7 (full 2):
 PSYoungGen      total 469760K, used 448000K [0x7e740000, 0xa12c0000, 0xb30c0000)
  eden space 448000K, 100% used [0x7e740000,0x99cc0000,0x99cc0000)
  from space 21760K, 0% used [0x9fd80000,0x9fd80000,0xa12c0000)
  to   space 21760K, 0% used [0x9e840000,0x9e840000,0x9fd80000)
 ParOldGen       total 1108992K, used 626042K [0x154c0000, 0x58fc0000, 0x7e740000)
  object space 1108992K, 56% used [0x154c0000,0x3b81ebf0,0x58fc0000)
 PSPermGen       total 16384K, used 1982K [0x0d4c0000, 0x0e4c0000, 0x154c0000)
  object space 16384K, 12% used [0x0d4c0000,0x0d6af818,0x0e4c0000)

