# JRE version: OpenJDK Runtime Environment (7.0_91-b02) (build 1.7.0_91-b02)
# Java VM: OpenJDK Server VM (24.91-b01 mixed mode linux-x86 )
Heap
 PSYoungGen      total 490496K, used 21757K [0x7e740000, 0xa12c0000, 0xb30c0000)
  eden space 468736K, 0% used [0x7e740000,0x7e740000,0x9b100000)
  from space 21760K, 99% used [0x9e840000,0x9fd7f700,0x9fd80000)
  to   space 21760K, 0% used [0x9fd80000,0x9fd80000,0xa12c0000)
 ParOldGen       total 1095168K, used 981142K [0x154c0000, 0x58240000, 0x7e740000)
  object space 1095168K, 89% used [0x154c0000,0x512e59e8,0x58240000)
 PSPermGen       total 16384K, used 1981K [0x0d4c0000, 0x0e4c0000, 0x154c0000)
  object space 16384K, 12% used [0x0d4c0000,0x0d6af7b0,0x0e4c0000)
GC Heap History (10 events):
Event: 1.091 GC heap after
Heap after GC invocations=2 (full 0):
 PSYoungGen      total 284416K, used 21750K [0x7e740000, 0x91240000, 0xb30c0000)
  eden space 262656K, 0% used [0x7e740000,0x7e740000,0x8e7c0000)
  from space 21760K, 99% used [0x8fd00000,0x9123dbb0,0x91240000)
  to   space 21760K, 0% used [0x8e7c0000,0x8e7c0000,0x8fd00000)
 ParOldGen       total 349696K, used 185674K [0x154c0000, 0x2aa40000, 0x7e740000)
  object space 349696K, 53% used [0x154c0000,0x20a12940,0x2aa40000)
 PSPermGen       total 16384K, used 1981K [0x0d4c0000, 0x0e4c0000, 0x154c0000)
  object space 16384K, 12% used [0x0d4c0000,0x0d6af630,0x0e4c0000)
}
Event: 1.272 GC heap before
{Heap before GC invocations=3 (full 0):
 PSYoungGen      total 284416K, used 284406K [0x7e740000, 0x91240000, 0xb30c0000)
  eden space 262656K, 100% used [0x7e740000,0x8e7c0000,0x8e7c0000)
  from space 21760K, 99% used [0x8fd00000,0x9123dbb0,0x91240000)
  to   space 21760K, 0% used [0x8e7c0000,0x8e7c0000,0x8fd00000)
 ParOldGen       total 349696K, used 185674K [0x154c0000, 0x2aa40000, 0x7e740000)
  object space 349696K, 53% used [0x154c0000,0x20a12940,0x2aa40000)
 PSPermGen       total 16384K, used 1982K [0x0d4c0000, 0x0e4c0000, 0x154c0000)
  object space 16384K, 12% used [0x0d4c0000,0x0d6af8a8,0x0e4c0000)
Event: 1.399 GC heap after
Heap after GC invocations=3 (full 0):
 PSYoungGen      total 284416K, used 21759K [0x7e740000, 0xa12c0000, 0xb30c0000)
  eden space 262656K, 0% used [0x7e740000,0x7e740000,0x8e7c0000)
  from space 21760K, 99% used [0x8e7c0000,0x8fcffd30,0x8fd00000)
  to   space 21760K, 0% used [0x9fd80000,0x9fd80000,0xa12c0000)
 ParOldGen       total 396032K, used 395942K [0x154c0000, 0x2d780000, 0x7e740000)
  object space 396032K, 99% used [0x154c0000,0x2d769ac0,0x2d780000)
 PSPermGen       total 16384K, used 1982K [0x0d4c0000, 0x0e4c0000, 0x154c0000)
  object space 16384K, 12% used [0x0d4c0000,0x0d6af8a8,0x0e4c0000)
}
Event: 1.399 GC heap before
{Heap before GC invocations=4 (full 1):
 PSYoungGen      total 284416K, used 21759K [0x7e740000, 0xa12c0000, 0xb30c0000)
  eden space 262656K, 0% used [0x7e740000,0x7e740000,0x8e7c0000)
  from space 21760K, 99% used [0x8e7c0000,0x8fcffd30,0x8fd00000)
  to   space 21760K, 0% used [0x9fd80000,0x9fd80000,0xa12c0000)
 ParOldGen       total 396032K, used 395942K [0x154c0000, 0x2d780000, 0x7e740000)
  object space 396032K, 99% used [0x154c0000,0x2d769ac0,0x2d780000)
 PSPermGen       total 16384K, used 1982K [0x0d4c0000, 0x0e4c0000, 0x154c0000)
  object space 16384K, 12% used [0x0d4c0000,0x0d6af8a8,0x0e4c0000)
Event: 1.582 GC heap after
Heap after GC invocations=4 (full 1):
 PSYoungGen      total 284416K, used 21758K [0x7e740000, 0xa12c0000, 0xb30c0000)
  eden space 262656K, 0% used [0x7e740000,0x7e740000,0x8e7c0000)
  from space 21760K, 99% used [0x8e7c0000,0x8fcff920,0x8fd00000)
  to   space 21760K, 0% used [0x9fd80000,0x9fd80000,0xa12c0000)
 ParOldGen       total 773376K, used 395906K [0x154c0000, 0x44800000, 0x7e740000)
  object space 773376K, 51% used [0x154c0000,0x2d7608d8,0x44800000)
 PSPermGen       total 16384K, used 1981K [0x0d4c0000, 0x0e4c0000, 0x154c0000)
  object space 16384K, 12% used [0x0d4c0000,0x0d6af560,0x0e4c0000)
}
Event: 1.727 GC heap before
{Heap before GC invocations=5 (full 1):
 PSYoungGen      total 284416K, used 284414K [0x7e740000, 0xa12c0000, 0xb30c0000)
  eden space 262656K, 100% used [0x7e740000,0x8e7c0000,0x8e7c0000)
  from space 21760K, 99% used [0x8e7c0000,0x8fcff920,0x8fd00000)
  to   space 21760K, 0% used [0x9fd80000,0x9fd80000,0xa12c0000)
 ParOldGen       total 773376K, used 395906K [0x154c0000, 0x44800000, 0x7e740000)
  object space 773376K, 51% used [0x154c0000,0x2d7608d8,0x44800000)
 PSPermGen       total 16384K, used 1981K [0x0d4c0000, 0x0e4c0000, 0x154c0000)
  object space 16384K, 12% used [0x0d4c0000,0x0d6af5f0,0x0e4c0000)
Event: 1.872 GC heap after
Heap after GC invocations=5 (full 1):
 PSYoungGen      total 490496K, used 21752K [0x7e740000, 0xa12c0000, 0xb30c0000)
  eden space 468736K, 0% used [0x7e740000,0x7e740000,0x9b100000)
  from space 21760K, 99% used [0x9fd80000,0xa12be020,0xa12c0000)
  to   space 21760K, 0% used [0x9e840000,0x9e840000,0x9fd80000)
 ParOldGen       total 773376K, used 606242K [0x154c0000, 0x44800000, 0x7e740000)
  object space 773376K, 78% used [0x154c0000,0x3a4c88d8,0x44800000)
 PSPermGen       total 16384K, used 1981K [0x0d4c0000, 0x0e4c0000, 0x154c0000)
  object space 16384K, 12% used [0x0d4c0000,0x0d6af5f0,0x0e4c0000)
}
Event: 1.872 GC heap before
{Heap before GC invocations=6 (full 2):
 PSYoungGen      total 490496K, used 21752K [0x7e740000, 0xa12c0000, 0xb30c0000)
  eden space 468736K, 0% used [0x7e740000,0x7e740000,0x9b100000)
  from space 21760K, 99% used [0x9fd80000,0xa12be020,0xa12c0000)
  to   space 21760K, 0% used [0x9e840000,0x9e840000,0x9fd80000)
 ParOldGen       total 773376K, used 606242K [0x154c0000, 0x44800000, 0x7e740000)
  object space 773376K, 78% used [0x154c0000,0x3a4c88d8,0x44800000)
 PSPermGen       total 16384K, used 1981K [0x0d4c0000, 0x0e4c0000, 0x154c0000)
  object space 16384K, 12% used [0x0d4c0000,0x0d6af5f0,0x0e4c0000)
Event: 1.967 GC heap after
Heap after GC invocations=6 (full 2):
 PSYoungGen      total 490496K, used 0K [0x7e740000, 0xa12c0000, 0xb30c0000)
  eden space 468736K, 0% used [0x7e740000,0x7e740000,0x9b100000)
  from space 21760K, 0% used [0x9fd80000,0x9fd80000,0xa12c0000)
  to   space 21760K, 0% used [0x9e840000,0x9e840000,0x9fd80000)
 ParOldGen       total 1095168K, used 627984K [0x154c0000, 0x58240000, 0x7e740000)
  object space 1095168K, 57% used [0x154c0000,0x3ba040a8,0x58240000)
 PSPermGen       total 16384K, used 1981K [0x0d4c0000, 0x0e4c0000, 0x154c0000)
  object space 16384K, 12% used [0x0d4c0000,0x0d6af5f0,0x0e4c0000)
}
Event: 2.653 GC heap before
{Heap before GC invocations=7 (full 2):
 PSYoungGen      total 490496K, used 468736K [0x7e740000, 0xa12c0000, 0xb30c0000)
  eden space 468736K, 100% used [0x7e740000,0x9b100000,0x9b100000)
  from space 21760K, 0% used [0x9fd80000,0x9fd80000,0xa12c0000)
  to   space 21760K, 0% used [0x9e840000,0x9e840000,0x9fd80000)
 ParOldGen       total 1095168K, used 627984K [0x154c0000, 0x58240000, 0x7e740000)
  object space 1095168K, 57% used [0x154c0000,0x3ba040a8,0x58240000)
 PSPermGen       total 16384K, used 1981K [0x0d4c0000, 0x0e4c0000, 0x154c0000)
  object space 16384K, 12% used [0x0d4c0000,0x0d6af7b0,0x0e4c0000)

