# JRE version: OpenJDK Runtime Environment (7.0_91-b02) (build 1.7.0_91-b02)
# Java VM: OpenJDK Server VM (24.91-b01 mixed mode linux-x86 )
Heap
 PSYoungGen      total 507904K, used 21757K [0x7e780000, 0xa1300000, 0xb3100000)
  eden space 486144K, 0% used [0x7e780000,0x7e780000,0x9c240000)
  from space 21760K, 99% used [0x9e880000,0x9fdbf700,0x9fdc0000)
  to   space 21760K, 0% used [0x9fdc0000,0x9fdc0000,0xa1300000)
 ParOldGen       total 1083648K, used 992431K [0x15500000, 0x57740000, 0x7e780000)
  object space 1083648K, 91% used [0x15500000,0x51e2bc40,0x57740000)
 PSPermGen       total 16384K, used 1980K [0x0d500000, 0x0e500000, 0x15500000)
  object space 16384K, 12% used [0x0d500000,0x0d6ef380,0x0e500000)
GC Heap History (10 events):
Event: 2.784 GC heap after
Heap after GC invocations=2 (full 0):
 PSYoungGen      total 284416K, used 21755K [0x7e780000, 0x91280000, 0xb3100000)
  eden space 262656K, 0% used [0x7e780000,0x7e780000,0x8e800000)
  from space 21760K, 99% used [0x8fd40000,0x9127ec70,0x91280000)
  to   space 21760K, 0% used [0x8e800000,0x8e800000,0x8fd40000)
 ParOldGen       total 349696K, used 184239K [0x15500000, 0x2aa80000, 0x7e780000)
  object space 349696K, 52% used [0x15500000,0x208ebec0,0x2aa80000)
 PSPermGen       total 16384K, used 1980K [0x0d500000, 0x0e500000, 0x15500000)
  object space 16384K, 12% used [0x0d500000,0x0d6ef2a8,0x0e500000)
}
Event: 3.074 GC heap before
{Heap before GC invocations=3 (full 0):
 PSYoungGen      total 284416K, used 284411K [0x7e780000, 0x91280000, 0xb3100000)
  eden space 262656K, 100% used [0x7e780000,0x8e800000,0x8e800000)
  from space 21760K, 99% used [0x8fd40000,0x9127ec70,0x91280000)
  to   space 21760K, 0% used [0x8e800000,0x8e800000,0x8fd40000)
 ParOldGen       total 349696K, used 184239K [0x15500000, 0x2aa80000, 0x7e780000)
  object space 349696K, 52% used [0x15500000,0x208ebec0,0x2aa80000)
 PSPermGen       total 16384K, used 1980K [0x0d500000, 0x0e500000, 0x15500000)
  object space 16384K, 12% used [0x0d500000,0x0d6ef3d0,0x0e500000)
Event: 3.287 GC heap after
Heap after GC invocations=3 (full 0):
 PSYoungGen      total 284416K, used 21747K [0x7e780000, 0xa1300000, 0xb3100000)
  eden space 262656K, 0% used [0x7e780000,0x7e780000,0x8e800000)
  from space 21760K, 99% used [0x8e800000,0x8fd3cdf0,0x8fd40000)
  to   space 21760K, 0% used [0x9fdc0000,0x9fdc0000,0xa1300000)
 ParOldGen       total 395008K, used 394079K [0x15500000, 0x2d6c0000, 0x7e780000)
  object space 395008K, 99% used [0x15500000,0x2d5d7c40,0x2d6c0000)
 PSPermGen       total 16384K, used 1980K [0x0d500000, 0x0e500000, 0x15500000)
  object space 16384K, 12% used [0x0d500000,0x0d6ef3d0,0x0e500000)
}
Event: 3.287 GC heap before
{Heap before GC invocations=4 (full 1):
 PSYoungGen      total 284416K, used 21747K [0x7e780000, 0xa1300000, 0xb3100000)
  eden space 262656K, 0% used [0x7e780000,0x7e780000,0x8e800000)
  from space 21760K, 99% used [0x8e800000,0x8fd3cdf0,0x8fd40000)
  to   space 21760K, 0% used [0x9fdc0000,0x9fdc0000,0xa1300000)
 ParOldGen       total 395008K, used 394079K [0x15500000, 0x2d6c0000, 0x7e780000)
  object space 395008K, 99% used [0x15500000,0x2d5d7c40,0x2d6c0000)
 PSPermGen       total 16384K, used 1980K [0x0d500000, 0x0e500000, 0x15500000)
  object space 16384K, 12% used [0x0d500000,0x0d6ef3d0,0x0e500000)
Event: 3.524 GC heap after
Heap after GC invocations=4 (full 1):
 PSYoungGen      total 284416K, used 20961K [0x7e780000, 0xa1300000, 0xb3100000)
  eden space 262656K, 0% used [0x7e780000,0x7e780000,0x8e800000)
  from space 21760K, 96% used [0x8e800000,0x8fc78448,0x8fd40000)
  to   space 21760K, 0% used [0x9fdc0000,0x9fdc0000,0xa1300000)
 ParOldGen       total 766208K, used 394837K [0x15500000, 0x44140000, 0x7e780000)
  object space 766208K, 51% used [0x15500000,0x2d695578,0x44140000)
 PSPermGen       total 16384K, used 1980K [0x0d500000, 0x0e500000, 0x15500000)
  object space 16384K, 12% used [0x0d500000,0x0d6ef088,0x0e500000)
}
Event: 3.623 GC heap before
{Heap before GC invocations=5 (full 1):
 PSYoungGen      total 284416K, used 283617K [0x7e780000, 0xa1300000, 0xb3100000)
  eden space 262656K, 100% used [0x7e780000,0x8e800000,0x8e800000)
  from space 21760K, 96% used [0x8e800000,0x8fc78448,0x8fd40000)
  to   space 21760K, 0% used [0x9fdc0000,0x9fdc0000,0xa1300000)
 ParOldGen       total 766208K, used 394837K [0x15500000, 0x44140000, 0x7e780000)
  object space 766208K, 51% used [0x15500000,0x2d695578,0x44140000)
 PSPermGen       total 16384K, used 1980K [0x0d500000, 0x0e500000, 0x15500000)
  object space 16384K, 12% used [0x0d500000,0x0d6ef118,0x0e500000)
Event: 3.855 GC heap after
Heap after GC invocations=5 (full 1):
 PSYoungGen      total 507904K, used 21758K [0x7e780000, 0xa1300000, 0xb3100000)
  eden space 486144K, 0% used [0x7e780000,0x7e780000,0x9c240000)
  from space 21760K, 99% used [0x9fdc0000,0xa12ff848,0xa1300000)
  to   space 21760K, 0% used [0x9e880000,0x9e880000,0x9fdc0000)
 ParOldGen       total 766208K, used 603909K [0x15500000, 0x44140000, 0x7e780000)
  object space 766208K, 78% used [0x15500000,0x3a2c1678,0x44140000)
 PSPermGen       total 16384K, used 1980K [0x0d500000, 0x0e500000, 0x15500000)
  object space 16384K, 12% used [0x0d500000,0x0d6ef118,0x0e500000)
}
Event: 3.855 GC heap before
{Heap before GC invocations=6 (full 2):
 PSYoungGen      total 507904K, used 21758K [0x7e780000, 0xa1300000, 0xb3100000)
  eden space 486144K, 0% used [0x7e780000,0x7e780000,0x9c240000)
  from space 21760K, 99% used [0x9fdc0000,0xa12ff848,0xa1300000)
  to   space 21760K, 0% used [0x9e880000,0x9e880000,0x9fdc0000)
 ParOldGen       total 766208K, used 603909K [0x15500000, 0x44140000, 0x7e780000)
  object space 766208K, 78% used [0x15500000,0x3a2c1678,0x44140000)
 PSPermGen       total 16384K, used 1980K [0x0d500000, 0x0e500000, 0x15500000)
  object space 16384K, 12% used [0x0d500000,0x0d6ef118,0x0e500000)
Event: 3.983 GC heap after
Heap after GC invocations=6 (full 2):
 PSYoungGen      total 507904K, used 0K [0x7e780000, 0xa1300000, 0xb3100000)
  eden space 486144K, 0% used [0x7e780000,0x7e780000,0x9c240000)
  from space 21760K, 0% used [0x9fdc0000,0x9fdc0000,0xa1300000)
  to   space 21760K, 0% used [0x9e880000,0x9e880000,0x9fdc0000)
 ParOldGen       total 1083648K, used 625561K [0x15500000, 0x57740000, 0x7e780000)
  object space 1083648K, 57% used [0x15500000,0x3b7e6400,0x57740000)
 PSPermGen       total 16384K, used 1980K [0x0d500000, 0x0e500000, 0x15500000)
  object space 16384K, 12% used [0x0d500000,0x0d6ef118,0x0e500000)
}
Event: 4.384 GC heap before
{Heap before GC invocations=7 (full 2):
 PSYoungGen      total 507904K, used 486144K [0x7e780000, 0xa1300000, 0xb3100000)
  eden space 486144K, 100% used [0x7e780000,0x9c240000,0x9c240000)
  from space 21760K, 0% used [0x9fdc0000,0x9fdc0000,0xa1300000)
  to   space 21760K, 0% used [0x9e880000,0x9e880000,0x9fdc0000)
 ParOldGen       total 1083648K, used 625561K [0x15500000, 0x57740000, 0x7e780000)
  object space 1083648K, 57% used [0x15500000,0x3b7e6400,0x57740000)
 PSPermGen       total 16384K, used 1980K [0x0d500000, 0x0e500000, 0x15500000)
  object space 16384K, 12% used [0x0d500000,0x0d6ef380,0x0e500000)

