# JRE version: OpenJDK Runtime Environment (7.0_91-b02) (build 1.7.0_91-b02)
# Java VM: OpenJDK Server VM (24.91-b01 mixed mode linux-x86 )
Heap
 PSYoungGen      total 502272K, used 21757K [0x7e6c0000, 0xa1240000, 0xb3040000)
  eden space 480512K, 0% used [0x7e6c0000,0x7e6c0000,0x9bc00000)
  from space 21760K, 99% used [0x9e7c0000,0x9fcff700,0x9fd00000)
  to   space 21760K, 0% used [0x9fd00000,0x9fd00000,0xa1240000)
 ParOldGen       total 1089280K, used 988219K [0x15440000, 0x57c00000, 0x7e6c0000)
  object space 1089280K, 90% used [0x15440000,0x5194ed80,0x57c00000)
 PSPermGen       total 16384K, used 1981K [0x0d440000, 0x0e440000, 0x15440000)
  object space 16384K, 12% used [0x0d440000,0x0d62f428,0x0e440000)
GC Heap History (10 events):
Event: 1.348 GC heap after
Heap after GC invocations=2 (full 0):
 PSYoungGen      total 284416K, used 21759K [0x7e6c0000, 0x911c0000, 0xb3040000)
  eden space 262656K, 0% used [0x7e6c0000,0x7e6c0000,0x8e740000)
  from space 21760K, 99% used [0x8fc80000,0x911bfd30,0x911c0000)
  to   space 21760K, 0% used [0x8e740000,0x8e740000,0x8fc80000)
 ParOldGen       total 349696K, used 184235K [0x15440000, 0x2a9c0000, 0x7e6c0000)
  object space 349696K, 52% used [0x15440000,0x2082ae00,0x2a9c0000)
 PSPermGen       total 16384K, used 1980K [0x0d440000, 0x0e440000, 0x15440000)
  object space 16384K, 12% used [0x0d440000,0x0d62f2a8,0x0e440000)
}
Event: 1.455 GC heap before
{Heap before GC invocations=3 (full 0):
 PSYoungGen      total 284416K, used 284415K [0x7e6c0000, 0x911c0000, 0xb3040000)
  eden space 262656K, 100% used [0x7e6c0000,0x8e740000,0x8e740000)
  from space 21760K, 99% used [0x8fc80000,0x911bfd30,0x911c0000)
  to   space 21760K, 0% used [0x8e740000,0x8e740000,0x8fc80000)
 ParOldGen       total 349696K, used 184235K [0x15440000, 0x2a9c0000, 0x7e6c0000)
  object space 349696K, 52% used [0x15440000,0x2082ae00,0x2a9c0000)
 PSPermGen       total 16384K, used 1981K [0x0d440000, 0x0e440000, 0x15440000)
  object space 16384K, 12% used [0x0d440000,0x0d62f520,0x0e440000)
Event: 1.603 GC heap after
Heap after GC invocations=3 (full 0):
 PSYoungGen      total 284416K, used 21755K [0x7e6c0000, 0xa1240000, 0xb3040000)
  eden space 262656K, 0% used [0x7e6c0000,0x7e6c0000,0x8e740000)
  from space 21760K, 99% used [0x8e740000,0x8fc7ee00,0x8fc80000)
  to   space 21760K, 0% used [0x9fd00000,0x9fd00000,0xa1240000)
 ParOldGen       total 394752K, used 394079K [0x15440000, 0x2d5c0000, 0x7e6c0000)
  object space 394752K, 99% used [0x15440000,0x2d517c40,0x2d5c0000)
 PSPermGen       total 16384K, used 1981K [0x0d440000, 0x0e440000, 0x15440000)
  object space 16384K, 12% used [0x0d440000,0x0d62f520,0x0e440000)
}
Event: 1.603 GC heap before
{Heap before GC invocations=4 (full 1):
 PSYoungGen      total 284416K, used 21755K [0x7e6c0000, 0xa1240000, 0xb3040000)
  eden space 262656K, 0% used [0x7e6c0000,0x7e6c0000,0x8e740000)
  from space 21760K, 99% used [0x8e740000,0x8fc7ee00,0x8fc80000)
  to   space 21760K, 0% used [0x9fd00000,0x9fd00000,0xa1240000)
 ParOldGen       total 394752K, used 394079K [0x15440000, 0x2d5c0000, 0x7e6c0000)
  object space 394752K, 99% used [0x15440000,0x2d517c40,0x2d5c0000)
 PSPermGen       total 16384K, used 1981K [0x0d440000, 0x0e440000, 0x15440000)
  object space 16384K, 12% used [0x0d440000,0x0d62f520,0x0e440000)
Event: 1.745 GC heap after
Heap after GC invocations=4 (full 1):
 PSYoungGen      total 284416K, used 21242K [0x7e6c0000, 0xa1240000, 0xb3040000)
  eden space 262656K, 0% used [0x7e6c0000,0x7e6c0000,0x8e740000)
  from space 21760K, 97% used [0x8e740000,0x8fbfeb48,0x8fc80000)
  to   space 21760K, 0% used [0x9fd00000,0x9fd00000,0xa1240000)
 ParOldGen       total 768768K, used 394555K [0x15440000, 0x44300000, 0x7e6c0000)
  object space 768768K, 51% used [0x15440000,0x2d58ee78,0x44300000)
 PSPermGen       total 16384K, used 1980K [0x0d440000, 0x0e440000, 0x15440000)
  object space 16384K, 12% used [0x0d440000,0x0d62f1d8,0x0e440000)
}
Event: 1.831 GC heap before
{Heap before GC invocations=5 (full 1):
 PSYoungGen      total 284416K, used 283898K [0x7e6c0000, 0xa1240000, 0xb3040000)
  eden space 262656K, 100% used [0x7e6c0000,0x8e740000,0x8e740000)
  from space 21760K, 97% used [0x8e740000,0x8fbfeb48,0x8fc80000)
  to   space 21760K, 0% used [0x9fd00000,0x9fd00000,0xa1240000)
 ParOldGen       total 768768K, used 394555K [0x15440000, 0x44300000, 0x7e6c0000)
  object space 768768K, 51% used [0x15440000,0x2d58ee78,0x44300000)
 PSPermGen       total 16384K, used 1980K [0x0d440000, 0x0e440000, 0x15440000)
  object space 16384K, 12% used [0x0d440000,0x0d62f268,0x0e440000)
Event: 2.001 GC heap after
Heap after GC invocations=5 (full 1):
 PSYoungGen      total 502272K, used 21757K [0x7e6c0000, 0xa1240000, 0xb3040000)
  eden space 480512K, 0% used [0x7e6c0000,0x7e6c0000,0x9bc00000)
  from space 21760K, 99% used [0x9fd00000,0xa123f548,0xa1240000)
  to   space 21760K, 0% used [0x9e7c0000,0x9e7c0000,0x9fd00000)
 ParOldGen       total 768768K, used 603910K [0x15440000, 0x44300000, 0x7e6c0000)
  object space 768768K, 78% used [0x15440000,0x3a2018b8,0x44300000)
 PSPermGen       total 16384K, used 1980K [0x0d440000, 0x0e440000, 0x15440000)
  object space 16384K, 12% used [0x0d440000,0x0d62f268,0x0e440000)
}
Event: 2.001 GC heap before
{Heap before GC invocations=6 (full 2):
 PSYoungGen      total 502272K, used 21757K [0x7e6c0000, 0xa1240000, 0xb3040000)
  eden space 480512K, 0% used [0x7e6c0000,0x7e6c0000,0x9bc00000)
  from space 21760K, 99% used [0x9fd00000,0xa123f548,0xa1240000)
  to   space 21760K, 0% used [0x9e7c0000,0x9e7c0000,0x9fd00000)
 ParOldGen       total 768768K, used 603910K [0x15440000, 0x44300000, 0x7e6c0000)
  object space 768768K, 78% used [0x15440000,0x3a2018b8,0x44300000)
 PSPermGen       total 16384K, used 1980K [0x0d440000, 0x0e440000, 0x15440000)
  object space 16384K, 12% used [0x0d440000,0x0d62f268,0x0e440000)
Event: 2.117 GC heap after
Heap after GC invocations=6 (full 2):
 PSYoungGen      total 502272K, used 0K [0x7e6c0000, 0xa1240000, 0xb3040000)
  eden space 480512K, 0% used [0x7e6c0000,0x7e6c0000,0x9bc00000)
  from space 21760K, 0% used [0x9fd00000,0x9fd00000,0xa1240000)
  to   space 21760K, 0% used [0x9e7c0000,0x9e7c0000,0x9fd00000)
 ParOldGen       total 1089280K, used 625561K [0x15440000, 0x57c00000, 0x7e6c0000)
  object space 1089280K, 57% used [0x15440000,0x3b726400,0x57c00000)
 PSPermGen       total 16384K, used 1980K [0x0d440000, 0x0e440000, 0x15440000)
  object space 16384K, 12% used [0x0d440000,0x0d62f268,0x0e440000)
}
Event: 2.469 GC heap before
{Heap before GC invocations=7 (full 2):
 PSYoungGen      total 502272K, used 480512K [0x7e6c0000, 0xa1240000, 0xb3040000)
  eden space 480512K, 100% used [0x7e6c0000,0x9bc00000,0x9bc00000)
  from space 21760K, 0% used [0x9fd00000,0x9fd00000,0xa1240000)
  to   space 21760K, 0% used [0x9e7c0000,0x9e7c0000,0x9fd00000)
 ParOldGen       total 1089280K, used 625561K [0x15440000, 0x57c00000, 0x7e6c0000)
  object space 1089280K, 57% used [0x15440000,0x3b726400,0x57c00000)
 PSPermGen       total 16384K, used 1981K [0x0d440000, 0x0e440000, 0x15440000)
  object space 16384K, 12% used [0x0d440000,0x0d62f428,0x0e440000)

